<?xml version="1.0" encoding="UTF-8"?>
<!-- Generated by org.testng.reporters.JUnitReportReporter -->
<testsuite hostname="sujata-PC" name="mywork.Automation.File" tests="1" failures="0" timestamp="18 Apr 2020 14:13:18 GMT" time="0.032" errors="0">
  <testcase name="first" time="0.032" classname="mywork.Automation.File"/>
</testsuite> <!-- mywork.Automation.File -->
